<?xml version="1.0" encoding="UTF-8"?>
<testsuite xmlns:xsi="http://www.w3.org/2001/XMLSchema-instance" xsi:noNamespaceSchemaLocation="https://maven.apache.org/surefire/maven-surefire-plugin/xsd/surefire-test-report-3.0.xsd" version="3.0" name="com.rohan.order_service.OrderServiceApplicationTests" time="4.925" tests="1" errors="0" skipped="0" failures="0">
  <properties>
[...]
</properties>
  <testcase name="contextLoads" classname="com.rohan.order_service.OrderServiceApplicationTests" time="0.427">
    <system-out><![CDATA[14:57:19.652 [main] INFO org.springframework.test.context.support.AnnotationConfigContextLoaderUtils -- Could not detect default configuration classes for test class [com.rohan.order_service.OrderServiceApplicationTests]: OrderServiceApplicationTests does not declare any static, non-private, non-final, nested classes annotated with @Configuration.
14:57:19.753 [main] INFO org.springframework.boot.test.context.SpringBootTestContextBootstrapper -- Found @SpringBootConfiguration com.rohan.order_service.OrderServiceApplication for test class com.rohan.order_service.OrderServiceApplicationTests

  .   ____          _            __ _ _
 /\\ / ___'_ __ _ _(_)_ __  __ _ \ \ \ \
( ( )\___ | '_ | '_| | '_ \/ _` | \ \ \ \
 \\/  ___)| |_)| | | | | || (_| |  ) ) ) )
  '  |____| .__|_| |_|_| |_\__, | / / / /
 =========|_|==============|___/=/_/_/_/

 :: Spring Boot ::                (v3.3.1)

2024-07-03T14:57:20.190+05:30  INFO 5388 --- [order-service] [           main] c.r.o.OrderServiceApplicationTests       : Starting OrderServiceApplicationTests using Java 17.0.10 with PID 5388 (started by Admin in C:\Users\Admin\Dev\Shopping-Application-Microservices\Ecom_Microservices\order-service)
2024-07-03T14:57:20.191+05:30  INFO 5388 --- [order-service] [           main] c.r.o.OrderServiceApplicationTests       : No active profile set, falling back to 1 default profile: "default"
2024-07-03T14:57:20.846+05:30  INFO 5388 --- [order-service] [           main] .s.d.r.c.RepositoryConfigurationDelegate : Bootstrapping Spring Data JPA repositories in DEFAULT mode.
2024-07-03T14:57:20.892+05:30  INFO 5388 --- [order-service] [           main] .s.d.r.c.RepositoryConfigurationDelegate : Finished Spring Data repository scanning in 39 ms. Found 1 JPA repository interface.
2024-07-03T14:57:21.301+05:30  INFO 5388 --- [order-service] [           main] o.hibernate.jpa.internal.util.LogHelper  : HHH000204: Processing PersistenceUnitInfo [name: default]
2024-07-03T14:57:21.372+05:30  INFO 5388 --- [order-service] [           main] org.hibernate.Version                    : HHH000412: Hibernate ORM core version 6.5.2.Final
2024-07-03T14:57:21.413+05:30  INFO 5388 --- [order-service] [           main] o.h.c.internal.RegionFactoryInitiator    : HHH000026: Second-level cache disabled
2024-07-03T14:57:21.804+05:30  INFO 5388 --- [order-service] [           main] o.s.o.j.p.SpringPersistenceUnitInfo      : No LoadTimeWeaver setup: ignoring JPA class transformer
2024-07-03T14:57:21.832+05:30  INFO 5388 --- [order-service] [           main] com.zaxxer.hikari.HikariDataSource       : HikariPool-1 - Starting...
2024-07-03T14:57:22.227+05:30  INFO 5388 --- [order-service] [           main] com.zaxxer.hikari.pool.HikariPool        : HikariPool-1 - Added connection com.mysql.cj.jdbc.ConnectionImpl@1640f20f
2024-07-03T14:57:22.229+05:30  INFO 5388 --- [order-service] [           main] com.zaxxer.hikari.HikariDataSource       : HikariPool-1 - Start completed.
2024-07-03T14:57:23.209+05:30  INFO 5388 --- [order-service] [           main] o.h.e.t.j.p.i.JtaPlatformInitiator       : HHH000489: No JTA platform available (set 'hibernate.transaction.jta.platform' to enable JTA platform integration)
2024-07-03T14:57:23.301+05:30  INFO 5388 --- [order-service] [           main] j.LocalContainerEntityManagerFactoryBean : Initialized JPA EntityManagerFactory for persistence unit 'default'
2024-07-03T14:57:23.655+05:30  WARN 5388 --- [order-service] [           main] JpaBaseConfiguration$JpaWebConfiguration : spring.jpa.open-in-view is enabled by default. Therefore, database queries may be performed during view rendering. Explicitly configure spring.jpa.open-in-view to disable this warning
2024-07-03T14:57:23.991+05:30  INFO 5388 --- [order-service] [           main] c.r.o.OrderServiceApplicationTests       : Started OrderServiceApplicationTests in 4.064 seconds (process running for 4.975)
]]></system-out>
  </testcase>
</testsuite>